#
# There is insufficient memory for the Java Runtime Environment to continue.
# Native memory allocation (mmap) failed to map 65536 bytes for Failed to commit metaspace.
# Possible reasons:
#   The system is out of physical RAM or swap space
#   The process is running with CompressedOops enabled, and the Java Heap may be blocking the growth of the native heap
# Possible solutions:
#   Reduce memory load on the system
#   Increase physical memory or swap space
#   Check if swap backing store is full
#   Decrease Java heap size (-Xmx/-Xms)
#   Decrease number of Java threads
#   Decrease Java thread stack sizes (-Xss)
#   Set larger code cache with -XX:ReservedCodeCacheSize=
#   JVM is running with Unscaled Compressed Oops mode in which the Java heap is
#     placed in the first 4GB address space. The Java Heap base address is the
#     maximum limit for the native heap growth. Please use -XX:HeapBaseMinAddress
#     to set the Java Heap base and to place the Java Heap above 4GB virtual address.
# This output file may be truncated or incomplete.
#
#  Out of Memory Error (virtualSpaceNode.cpp:110), pid=24616, tid=23340
#
# JRE version: Java(TM) SE Runtime Environment (18.0.2+9) (build 18.0.2+9-61)
# Java VM: Java HotSpot(TM) 64-Bit Server VM (18.0.2+9-61, mixed mode, tiered, compressed oops, compressed class ptrs, g1 gc, windows-amd64)
# No core dump will be written. Minidumps are not enabled by default on client versions of Windows
#

---------------  S U M M A R Y ------------

Command Line: -Dfile.encoding=UTF-8 --module-path=C:\Users\Lynniest\OneDrive - BRILLAR PTE LTD\Desktop\StickyNotes\build\classes stickynotes.stickynotes

Host: Intel(R) Core(TM) i5-9300H CPU @ 2.40GHz, 8 cores, 7G,  Windows 11 , 64 bit Build 22621 (10.0.22621.1635)
Time: Thu May 25 16:58:41 2023 Malay Peninsula Standard Time elapsed time: 0.264925 seconds (0d 0h 0m 0s)

---------------  T H R E A D  ---------------

Current thread (0x00000280f8080c10):  JavaThread "main" [_thread_in_vm, id=23340, stack(0x000000fa1eb00000,0x000000fa1ec00000)]

Stack: [0x000000fa1eb00000,0x000000fa1ec00000]
Native frames: (J=compiled Java code, j=interpreted, Vv=VM code, C=native code)
V  [jvm.dll+0x6993ca]
V  [jvm.dll+0x7f481d]
V  [jvm.dll+0x7f612e]
V  [jvm.dll+0x7f67e3]
V  [jvm.dll+0x25cdaf]
V  [jvm.dll+0x7f052b]
V  [jvm.dll+0x63f546]
V  [jvm.dll+0x63f5aa]
V  [jvm.dll+0x641e2e]
V  [jvm.dll+0x641cee]
V  [jvm.dll+0x63ff0e]
V  [jvm.dll+0x651419]
V  [jvm.dll+0x64a804]
V  [jvm.dll+0x3a1c01]
C  0x000002808787c6e8

Java frames: (J=compiled Java code, j=interpreted, Vv=VM code)
j  java.lang.module.ModuleFinder$2$$Lambda$9+0x0000000100014900.apply(Ljava/lang/Object;)Ljava/lang/Object;+0 java.base@18.0.2
j  java.util.stream.ReferencePipeline$3$1.accept(Ljava/lang/Object;)V+12 java.base@18.0.2
j  java.util.AbstractList$RandomAccessSpliterator.tryAdvance(Ljava/util/function/Consumer;)Z+43 java.base@18.0.2
j  java.util.stream.ReferencePipeline.forEachWithCancel(Ljava/util/Spliterator;Ljava/util/stream/Sink;)Z+13 java.base@18.0.2
j  java.util.stream.AbstractPipeline.copyIntoWithCancel(Ljava/util/stream/Sink;Ljava/util/Spliterator;)Z+32 java.base@18.0.2
j  java.util.stream.AbstractPipeline.copyInto(Ljava/util/stream/Sink;Ljava/util/Spliterator;)V+49 java.base@18.0.2
j  java.util.stream.AbstractPipeline.wrapAndCopyInto(Ljava/util/stream/Sink;Ljava/util/Spliterator;)Ljava/util/stream/Sink;+13 java.base@18.0.2
j  java.util.stream.FindOps$FindOp.evaluateSequential(Ljava/util/stream/PipelineHelper;Ljava/util/Spliterator;)Ljava/lang/Object;+14 java.base@18.0.2
j  java.util.stream.AbstractPipeline.evaluate(Ljava/util/stream/TerminalOp;)Ljava/lang/Object;+88 java.base@18.0.2
j  java.util.stream.ReferencePipeline.findFirst()Ljava/util/Optional;+5 java.base@18.0.2
j  java.lang.module.ModuleFinder$2.find(Ljava/lang/String;)Ljava/util/Optional;+53 java.base@18.0.2
j  jdk.internal.module.DefaultRoots.lambda$compute$1(Ljava/lang/module/ModuleFinder;Ljava/lang/module/ModuleDescriptor;)Z+5 java.base@18.0.2
j  jdk.internal.module.DefaultRoots$$Lambda$3+0x000000010003fc58.test(Ljava/lang/Object;)Z+8 java.base@18.0.2
j  java.util.stream.ReferencePipeline$2$1.accept(Ljava/lang/Object;)V+8 java.base@18.0.2
j  java.util.stream.ReferencePipeline$3$1.accept(Ljava/lang/Object;)V+17 java.base@18.0.2
j  java.util.stream.ReferencePipeline$2$1.accept(Ljava/lang/Object;)V+21 java.base@18.0.2
j  java.util.Iterator.forEachRemaining(Ljava/util/function/Consumer;)V+21 java.base@18.0.2
j  java.util.Spliterators$IteratorSpliterator.forEachRemaining(Ljava/util/function/Consumer;)V+52 java.base@18.0.2
j  java.util.stream.AbstractPipeline.copyInto(Ljava/util/stream/Sink;Ljava/util/Spliterator;)V+32 java.base@18.0.2
j  java.util.stream.AbstractPipeline.wrapAndCopyInto(Ljava/util/stream/Sink;Ljava/util/Spliterator;)Ljava/util/stream/Sink;+13 java.base@18.0.2
j  java.util.stream.ReduceOps$ReduceOp.evaluateSequential(Ljava/util/stream/PipelineHelper;Ljava/util/Spliterator;)Ljava/lang/Object;+6 java.base@18.0.2
j  java.util.stream.AbstractPipeline.evaluate(Ljava/util/stream/TerminalOp;)Ljava/lang/Object;+88 java.base@18.0.2
j  java.util.stream.ReferencePipeline.collect(Ljava/util/stream/Collector;)Ljava/lang/Object;+86 java.base@18.0.2
j  jdk.internal.module.DefaultRoots.compute(Ljava/lang/module/ModuleFinder;Ljava/lang/module/ModuleFinder;)Ljava/util/Set;+55 java.base@18.0.2
j  jdk.internal.module.ModuleBootstrap.boot2()Ljava/lang/ModuleLayer;+727 java.base@18.0.2
j  jdk.internal.module.ModuleBootstrap.boot()Ljava/lang/ModuleLayer;+64 java.base@18.0.2
j  java.lang.System.initPhase2(ZZ)I+0 java.base@18.0.2
v  ~StubRoutines::call_stub

---------------  P R O C E S S  ---------------

Threads class SMR info:
_java_thread_list=0x000002809cdac510, length=11, elements={
0x00000280f8080c10, 0x00000280ff9a3410, 0x00000280ff9a7dd0, 0x00000280ff9dbc80,
0x00000280ff9dc620, 0x00000280ff9dcfc0, 0x00000280ff9ddd70, 0x000002809cc060a0,
0x000002809cc11ea0, 0x000002809cc12880, 0x000002809cdc4030
}

Java Threads: ( => current thread )
=>0x00000280f8080c10 JavaThread "main" [_thread_in_vm, id=23340, stack(0x000000fa1eb00000,0x000000fa1ec00000)]
  0x00000280ff9a3410 JavaThread "Reference Handler" daemon [_thread_blocked, id=24828, stack(0x000000fa1f200000,0x000000fa1f300000)]
  0x00000280ff9a7dd0 JavaThread "Finalizer" daemon [_thread_blocked, id=22540, stack(0x000000fa1f300000,0x000000fa1f400000)]
  0x00000280ff9dbc80 JavaThread "Signal Dispatcher" daemon [_thread_blocked, id=16912, stack(0x000000fa1f400000,0x000000fa1f500000)]
  0x00000280ff9dc620 JavaThread "Attach Listener" daemon [_thread_blocked, id=27044, stack(0x000000fa1f500000,0x000000fa1f600000)]
  0x00000280ff9dcfc0 JavaThread "Service Thread" daemon [_thread_blocked, id=23040, stack(0x000000fa1f600000,0x000000fa1f700000)]
  0x00000280ff9ddd70 JavaThread "Monitor Deflation Thread" daemon [_thread_blocked, id=20296, stack(0x000000fa1f700000,0x000000fa1f800000)]
  0x000002809cc060a0 JavaThread "C2 CompilerThread0" daemon [_thread_blocked, id=22920, stack(0x000000fa1f800000,0x000000fa1f900000)]
  0x000002809cc11ea0 JavaThread "C1 CompilerThread0" daemon [_thread_blocked, id=5352, stack(0x000000fa1f900000,0x000000fa1fa00000)]
  0x000002809cc12880 JavaThread "Sweeper thread" daemon [_thread_blocked, id=21508, stack(0x000000fa1fa00000,0x000000fa1fb00000)]
  0x000002809cdc4030 JavaThread "Common-Cleaner" daemon [_thread_blocked, id=26112, stack(0x000000fa1fb00000,0x000000fa1fc00000)]

Other Threads:
  0x00000280f80fd180 VMThread "VM Thread" [stack: 0x000000fa1f100000,0x000000fa1f200000] [id=1756]
  0x00000280f80de100 WorkerThread "GC Thread#0" [stack: 0x000000fa1ec00000,0x000000fa1ed00000] [id=9700]
  0x00000280f80efe20 ConcurrentGCThread "G1 Main Marker" [stack: 0x000000fa1ed00000,0x000000fa1ee00000] [id=9732]
  0x00000280f80f16c0 WorkerThread "G1 Conc#0" [stack: 0x000000fa1ee00000,0x000000fa1ef00000] [id=20888]
  0x00000280ff7e80b0 ConcurrentGCThread "G1 Refine#0" [stack: 0x000000fa1ef00000,0x000000fa1f000000] [id=10296]
  0x00000280ff7e8860 ConcurrentGCThread "G1 Service" [stack: 0x000000fa1f000000,0x000000fa1f100000] [id=25336]

Threads with active compile tasks:

VM state: not at safepoint (normal execution)

VM Mutex/Monitor currently owned by a thread:  ([mutex/lock_event])
[0x00000280f807a4e0] Metaspace_lock - owner thread: 0x00000280f8080c10

Heap address: 0x0000000081c00000, size: 2020 MB, Compressed Oops mode: 32-bit

CDS archive(s) not mapped
Compressed class space mapped at: 0x0000000100000000-0x0000000140000000, reserved size: 1073741824
Narrow klass base: 0x0000000000000000, Narrow klass shift: 3, Narrow klass range: 0x140000000

GC Precious Log:
 CardTable entry size: 512
 Card Set container configuration: InlinePtr #cards 5 size 8 Array Of Cards #cards 12 size 40 Howl #buckets 4 coarsen threshold 1843 Howl Bitmap #cards 512 size 80 coarsen threshold 460 Card regions per heap region 1 cards per card region 2048
 CPUs: 8 total, 8 available
 Memory: 8072M
 Large Page Support: Disabled
 NUMA Support: Disabled
 Compressed Oops: Enabled (32-bit)
 Heap Region Size: 1M
 Heap Min Capacity: 8M
 Heap Initial Capacity: 128M
 Heap Max Capacity: 2020M
 Pre-touch: Disabled
 Parallel Workers: 8
 Concurrent Workers: 2
 Concurrent Refinement Workers: 8
 Periodic GC: Disabled

Heap:
 garbage-first heap   total 131072K, used 1024K [0x0000000081c00000, 0x0000000100000000)
  region size 1024K, 2 young (2048K), 0 survivors (0K)
 Metaspace       used 5213K, committed 5376K, reserved 1114112K
  class space    used 410K, committed 512K, reserved 1048576K

Heap Regions: E=young(eden), S=young(survivor), O=old, HS=humongous(starts), HC=humongous(continues), CS=collection set, F=free, OA=open archive, CA=closed archive, TAMS=top-at-mark-start (previous, next)
|   0|0x0000000081c00000, 0x0000000081c00000, 0x0000000081d00000|  0%| F|  |TAMS 0x0000000081c00000, 0x0000000081c00000| Untracked 
|   1|0x0000000081d00000, 0x0000000081d00000, 0x0000000081e00000|  0%| F|  |TAMS 0x0000000081d00000, 0x0000000081d00000| Untracked 
|   2|0x0000000081e00000, 0x0000000081e00000, 0x0000000081f00000|  0%| F|  |TAMS 0x0000000081e00000, 0x0000000081e00000| Untracked 
|   3|0x0000000081f00000, 0x0000000081f00000, 0x0000000082000000|  0%| F|  |TAMS 0x0000000081f00000, 0x0000000081f00000| Untracked 
|   4|0x0000000082000000, 0x0000000082000000, 0x0000000082100000|  0%| F|  |TAMS 0x0000000082000000, 0x0000000082000000| Untracked 
|   5|0x0000000082100000, 0x0000000082100000, 0x0000000082200000|  0%| F|  |TAMS 0x0000000082100000, 0x0000000082100000| Untracked 
|   6|0x0000000082200000, 0x0000000082200000, 0x0000000082300000|  0%| F|  |TAMS 0x0000000082200000, 0x0000000082200000| Untracked 
|   7|0x0000000082300000, 0x0000000082300000, 0x0000000082400000|  0%| F|  |TAMS 0x0000000082300000, 0x0000000082300000| Untracked 
|   8|0x0000000082400000, 0x0000000082400000, 0x0000000082500000|  0%| F|  |TAMS 0x0000000082400000, 0x0000000082400000| Untracked 
|   9|0x0000000082500000, 0x0000000082500000, 0x0000000082600000|  0%| F|  |TAMS 0x0000000082500000, 0x0000000082500000| Untracked 
|  10|0x0000000082600000, 0x0000000082600000, 0x0000000082700000|  0%| F|  |TAMS 0x0000000082600000, 0x0000000082600000| Untracked 
|  11|0x0000000082700000, 0x0000000082700000, 0x0000000082800000|  0%| F|  |TAMS 0x0000000082700000, 0x0000000082700000| Untracked 
|  12|0x0000000082800000, 0x0000000082800000, 0x0000000082900000|  0%| F|  |TAMS 0x0000000082800000, 0x0000000082800000| Untracked 
|  13|0x0000000082900000, 0x0000000082900000, 0x0000000082a00000|  0%| F|  |TAMS 0x0000000082900000, 0x0000000082900000| Untracked 
|  14|0x0000000082a00000, 0x0000000082a00000, 0x0000000082b00000|  0%| F|  |TAMS 0x0000000082a00000, 0x0000000082a00000| Untracked 
|  15|0x0000000082b00000, 0x0000000082b00000, 0x0000000082c00000|  0%| F|  |TAMS 0x0000000082b00000, 0x0000000082b00000| Untracked 
|  16|0x0000000082c00000, 0x0000000082c00000, 0x0000000082d00000|  0%| F|  |TAMS 0x0000000082c00000, 0x0000000082c00000| Untracked 
|  17|0x0000000082d00000, 0x0000000082d00000, 0x0000000082e00000|  0%| F|  |TAMS 0x0000000082d00000, 0x0000000082d00000| Untracked 
|  18|0x0000000082e00000, 0x0000000082e00000, 0x0000000082f00000|  0%| F|  |TAMS 0x0000000082e00000, 0x0000000082e00000| Untracked 
|  19|0x0000000082f00000, 0x0000000082f00000, 0x0000000083000000|  0%| F|  |TAMS 0x0000000082f00000, 0x0000000082f00000| Untracked 
|  20|0x0000000083000000, 0x0000000083000000, 0x0000000083100000|  0%| F|  |TAMS 0x0000000083000000, 0x0000000083000000| Untracked 
|  21|0x0000000083100000, 0x0000000083100000, 0x0000000083200000|  0%| F|  |TAMS 0x0000000083100000, 0x0000000083100000| Untracked 
|  22|0x0000000083200000, 0x0000000083200000, 0x0000000083300000|  0%| F|  |TAMS 0x0000000083200000, 0x0000000083200000| Untracked 
|  23|0x0000000083300000, 0x0000000083300000, 0x0000000083400000|  0%| F|  |TAMS 0x0000000083300000, 0x0000000083300000| Untracked 
|  24|0x0000000083400000, 0x0000000083400000, 0x0000000083500000|  0%| F|  |TAMS 0x0000000083400000, 0x0000000083400000| Untracked 
|  25|0x0000000083500000, 0x0000000083500000, 0x0000000083600000|  0%| F|  |TAMS 0x0000000083500000, 0x0000000083500000| Untracked 
|  26|0x0000000083600000, 0x0000000083600000, 0x0000000083700000|  0%| F|  |TAMS 0x0000000083600000, 0x0000000083600000| Untracked 
|  27|0x0000000083700000, 0x0000000083700000, 0x0000000083800000|  0%| F|  |TAMS 0x0000000083700000, 0x0000000083700000| Untracked 
|  28|0x0000000083800000, 0x0000000083800000, 0x0000000083900000|  0%| F|  |TAMS 0x0000000083800000, 0x0000000083800000| Untracked 
|  29|0x0000000083900000, 0x0000000083900000, 0x0000000083a00000|  0%| F|  |TAMS 0x0000000083900000, 0x0000000083900000| Untracked 
|  30|0x0000000083a00000, 0x0000000083a00000, 0x0000000083b00000|  0%| F|  |TAMS 0x0000000083a00000, 0x0000000083a00000| Untracked 
|  31|0x0000000083b00000, 0x0000000083b00000, 0x0000000083c00000|  0%| F|  |TAMS 0x0000000083b00000, 0x0000000083b00000| Untracked 
|  32|0x0000000083c00000, 0x0000000083c00000, 0x0000000083d00000|  0%| F|  |TAMS 0x0000000083c00000, 0x0000000083c00000| Untracked 
|  33|0x0000000083d00000, 0x0000000083d00000, 0x0000000083e00000|  0%| F|  |TAMS 0x0000000083d00000, 0x0000000083d00000| Untracked 
|  34|0x0000000083e00000, 0x0000000083e00000, 0x0000000083f00000|  0%| F|  |TAMS 0x0000000083e00000, 0x0000000083e00000| Untracked 
|  35|0x0000000083f00000, 0x0000000083f00000, 0x0000000084000000|  0%| F|  |TAMS 0x0000000083f00000, 0x0000000083f00000| Untracked 
|  36|0x0000000084000000, 0x0000000084000000, 0x0000000084100000|  0%| F|  |TAMS 0x0000000084000000, 0x0000000084000000| Untracked 
|  37|0x0000000084100000, 0x0000000084100000, 0x0000000084200000|  0%| F|  |TAMS 0x0000000084100000, 0x0000000084100000| Untracked 
|  38|0x0000000084200000, 0x0000000084200000, 0x0000000084300000|  0%| F|  |TAMS 0x0000000084200000, 0x0000000084200000| Untracked 
|  39|0x0000000084300000, 0x0000000084300000, 0x0000000084400000|  0%| F|  |TAMS 0x0000000084300000, 0x0000000084300000| Untracked 
|  40|0x0000000084400000, 0x0000000084400000, 0x0000000084500000|  0%| F|  |TAMS 0x0000000084400000, 0x0000000084400000| Untracked 
|  41|0x0000000084500000, 0x0000000084500000, 0x0000000084600000|  0%| F|  |TAMS 0x0000000084500000, 0x0000000084500000| Untracked 
|  42|0x0000000084600000, 0x0000000084600000, 0x0000000084700000|  0%| F|  |TAMS 0x0000000084600000, 0x0000000084600000| Untracked 
|  43|0x0000000084700000, 0x0000000084700000, 0x0000000084800000|  0%| F|  |TAMS 0x0000000084700000, 0x0000000084700000| Untracked 
|  44|0x0000000084800000, 0x0000000084800000, 0x0000000084900000|  0%| F|  |TAMS 0x0000000084800000, 0x0000000084800000| Untracked 
|  45|0x0000000084900000, 0x0000000084900000, 0x0000000084a00000|  0%| F|  |TAMS 0x0000000084900000, 0x0000000084900000| Untracked 
|  46|0x0000000084a00000, 0x0000000084a00000, 0x0000000084b00000|  0%| F|  |TAMS 0x0000000084a00000, 0x0000000084a00000| Untracked 
|  47|0x0000000084b00000, 0x0000000084b00000, 0x0000000084c00000|  0%| F|  |TAMS 0x0000000084b00000, 0x0000000084b00000| Untracked 
|  48|0x0000000084c00000, 0x0000000084c00000, 0x0000000084d00000|  0%| F|  |TAMS 0x0000000084c00000, 0x0000000084c00000| Untracked 
|  49|0x0000000084d00000, 0x0000000084d00000, 0x0000000084e00000|  0%| F|  |TAMS 0x0000000084d00000, 0x0000000084d00000| Untracked 
|  50|0x0000000084e00000, 0x0000000084e00000, 0x0000000084f00000|  0%| F|  |TAMS 0x0000000084e00000, 0x0000000084e00000| Untracked 
|  51|0x0000000084f00000, 0x0000000084f00000, 0x0000000085000000|  0%| F|  |TAMS 0x0000000084f00000, 0x0000000084f00000| Untracked 
|  52|0x0000000085000000, 0x0000000085000000, 0x0000000085100000|  0%| F|  |TAMS 0x0000000085000000, 0x0000000085000000| Untracked 
|  53|0x0000000085100000, 0x0000000085100000, 0x0000000085200000|  0%| F|  |TAMS 0x0000000085100000, 0x0000000085100000| Untracked 
|  54|0x0000000085200000, 0x0000000085200000, 0x0000000085300000|  0%| F|  |TAMS 0x0000000085200000, 0x0000000085200000| Untracked 
|  55|0x0000000085300000, 0x0000000085300000, 0x0000000085400000|  0%| F|  |TAMS 0x0000000085300000, 0x0000000085300000| Untracked 
|  56|0x0000000085400000, 0x0000000085400000, 0x0000000085500000|  0%| F|  |TAMS 0x0000000085400000, 0x0000000085400000| Untracked 
|  57|0x0000000085500000, 0x0000000085500000, 0x0000000085600000|  0%| F|  |TAMS 0x0000000085500000, 0x0000000085500000| Untracked 
|  58|0x0000000085600000, 0x0000000085600000, 0x0000000085700000|  0%| F|  |TAMS 0x0000000085600000, 0x0000000085600000| Untracked 
|  59|0x0000000085700000, 0x0000000085700000, 0x0000000085800000|  0%| F|  |TAMS 0x0000000085700000, 0x0000000085700000| Untracked 
|  60|0x0000000085800000, 0x0000000085800000, 0x0000000085900000|  0%| F|  |TAMS 0x0000000085800000, 0x0000000085800000| Untracked 
|  61|0x0000000085900000, 0x0000000085900000, 0x0000000085a00000|  0%| F|  |TAMS 0x0000000085900000, 0x0000000085900000| Untracked 
|  62|0x0000000085a00000, 0x0000000085a00000, 0x0000000085b00000|  0%| F|  |TAMS 0x0000000085a00000, 0x0000000085a00000| Untracked 
|  63|0x0000000085b00000, 0x0000000085b00000, 0x0000000085c00000|  0%| F|  |TAMS 0x0000000085b00000, 0x0000000085b00000| Untracked 
|  64|0x0000000085c00000, 0x0000000085c00000, 0x0000000085d00000|  0%| F|  |TAMS 0x0000000085c00000, 0x0000000085c00000| Untracked 
|  65|0x0000000085d00000, 0x0000000085d00000, 0x0000000085e00000|  0%| F|  |TAMS 0x0000000085d00000, 0x0000000085d00000| Untracked 
|  66|0x0000000085e00000, 0x0000000085e00000, 0x0000000085f00000|  0%| F|  |TAMS 0x0000000085e00000, 0x0000000085e00000| Untracked 
|  67|0x0000000085f00000, 0x0000000085f00000, 0x0000000086000000|  0%| F|  |TAMS 0x0000000085f00000, 0x0000000085f00000| Untracked 
|  68|0x0000000086000000, 0x0000000086000000, 0x0000000086100000|  0%| F|  |TAMS 0x0000000086000000, 0x0000000086000000| Untracked 
|  69|0x0000000086100000, 0x0000000086100000, 0x0000000086200000|  0%| F|  |TAMS 0x0000000086100000, 0x0000000086100000| Untracked 
|  70|0x0000000086200000, 0x0000000086200000, 0x0000000086300000|  0%| F|  |TAMS 0x0000000086200000, 0x0000000086200000| Untracked 
|  71|0x0000000086300000, 0x0000000086300000, 0x0000000086400000|  0%| F|  |TAMS 0x0000000086300000, 0x0000000086300000| Untracked 
|  72|0x0000000086400000, 0x0000000086400000, 0x0000000086500000|  0%| F|  |TAMS 0x0000000086400000, 0x0000000086400000| Untracked 
|  73|0x0000000086500000, 0x0000000086500000, 0x0000000086600000|  0%| F|  |TAMS 0x0000000086500000, 0x0000000086500000| Untracked 
|  74|0x0000000086600000, 0x0000000086600000, 0x0000000086700000|  0%| F|  |TAMS 0x0000000086600000, 0x0000000086600000| Untracked 
|  75|0x0000000086700000, 0x0000000086700000, 0x0000000086800000|  0%| F|  |TAMS 0x0000000086700000, 0x0000000086700000| Untracked 
|  76|0x0000000086800000, 0x0000000086800000, 0x0000000086900000|  0%| F|  |TAMS 0x0000000086800000, 0x0000000086800000| Untracked 
|  77|0x0000000086900000, 0x0000000086900000, 0x0000000086a00000|  0%| F|  |TAMS 0x0000000086900000, 0x0000000086900000| Untracked 
|  78|0x0000000086a00000, 0x0000000086a00000, 0x0000000086b00000|  0%| F|  |TAMS 0x0000000086a00000, 0x0000000086a00000| Untracked 
|  79|0x0000000086b00000, 0x0000000086b00000, 0x0000000086c00000|  0%| F|  |TAMS 0x0000000086b00000, 0x0000000086b00000| Untracked 
|  80|0x0000000086c00000, 0x0000000086c00000, 0x0000000086d00000|  0%| F|  |TAMS 0x0000000086c00000, 0x0000000086c00000| Untracked 
|  81|0x0000000086d00000, 0x0000000086d00000, 0x0000000086e00000|  0%| F|  |TAMS 0x0000000086d00000, 0x0000000086d00000| Untracked 
|  82|0x0000000086e00000, 0x0000000086e00000, 0x0000000086f00000|  0%| F|  |TAMS 0x0000000086e00000, 0x0000000086e00000| Untracked 
|  83|0x0000000086f00000, 0x0000000086f00000, 0x0000000087000000|  0%| F|  |TAMS 0x0000000086f00000, 0x0000000086f00000| Untracked 
|  84|0x0000000087000000, 0x0000000087000000, 0x0000000087100000|  0%| F|  |TAMS 0x0000000087000000, 0x0000000087000000| Untracked 
|  85|0x0000000087100000, 0x0000000087100000, 0x0000000087200000|  0%| F|  |TAMS 0x0000000087100000, 0x0000000087100000| Untracked 
|  86|0x0000000087200000, 0x0000000087200000, 0x0000000087300000|  0%| F|  |TAMS 0x0000000087200000, 0x0000000087200000| Untracked 
|  87|0x0000000087300000, 0x0000000087300000, 0x0000000087400000|  0%| F|  |TAMS 0x0000000087300000, 0x0000000087300000| Untracked 
|  88|0x0000000087400000, 0x0000000087400000, 0x0000000087500000|  0%| F|  |TAMS 0x0000000087400000, 0x0000000087400000| Untracked 
|  89|0x0000000087500000, 0x0000000087500000, 0x0000000087600000|  0%| F|  |TAMS 0x0000000087500000, 0x0000000087500000| Untracked 
|  90|0x0000000087600000, 0x0000000087600000, 0x0000000087700000|  0%| F|  |TAMS 0x0000000087600000, 0x0000000087600000| Untracked 
|  91|0x0000000087700000, 0x0000000087700000, 0x0000000087800000|  0%| F|  |TAMS 0x0000000087700000, 0x0000000087700000| Untracked 
|  92|0x0000000087800000, 0x0000000087800000, 0x0000000087900000|  0%| F|  |TAMS 0x0000000087800000, 0x0000000087800000| Untracked 
|  93|0x0000000087900000, 0x0000000087900000, 0x0000000087a00000|  0%| F|  |TAMS 0x0000000087900000, 0x0000000087900000| Untracked 
|  94|0x0000000087a00000, 0x0000000087a00000, 0x0000000087b00000|  0%| F|  |TAMS 0x0000000087a00000, 0x0000000087a00000| Untracked 
|  95|0x0000000087b00000, 0x0000000087b00000, 0x0000000087c00000|  0%| F|  |TAMS 0x0000000087b00000, 0x0000000087b00000| Untracked 
|  96|0x0000000087c00000, 0x0000000087c00000, 0x0000000087d00000|  0%| F|  |TAMS 0x0000000087c00000, 0x0000000087c00000| Untracked 
|  97|0x0000000087d00000, 0x0000000087d00000, 0x0000000087e00000|  0%| F|  |TAMS 0x0000000087d00000, 0x0000000087d00000| Untracked 
|  98|0x0000000087e00000, 0x0000000087e00000, 0x0000000087f00000|  0%| F|  |TAMS 0x0000000087e00000, 0x0000000087e00000| Untracked 
|  99|0x0000000087f00000, 0x0000000087f00000, 0x0000000088000000|  0%| F|  |TAMS 0x0000000087f00000, 0x0000000087f00000| Untracked 
| 100|0x0000000088000000, 0x0000000088000000, 0x0000000088100000|  0%| F|  |TAMS 0x0000000088000000, 0x0000000088000000| Untracked 
| 101|0x0000000088100000, 0x0000000088100000, 0x0000000088200000|  0%| F|  |TAMS 0x0000000088100000, 0x0000000088100000| Untracked 
| 102|0x0000000088200000, 0x0000000088200000, 0x0000000088300000|  0%| F|  |TAMS 0x0000000088200000, 0x0000000088200000| Untracked 
| 103|0x0000000088300000, 0x0000000088300000, 0x0000000088400000|  0%| F|  |TAMS 0x0000000088300000, 0x0000000088300000| Untracked 
| 104|0x0000000088400000, 0x0000000088400000, 0x0000000088500000|  0%| F|  |TAMS 0x0000000088400000, 0x0000000088400000| Untracked 
| 105|0x0000000088500000, 0x0000000088500000, 0x0000000088600000|  0%| F|  |TAMS 0x0000000088500000, 0x0000000088500000| Untracked 
| 106|0x0000000088600000, 0x0000000088600000, 0x0000000088700000|  0%| F|  |TAMS 0x0000000088600000, 0x0000000088600000| Untracked 
| 107|0x0000000088700000, 0x0000000088700000, 0x0000000088800000|  0%| F|  |TAMS 0x0000000088700000, 0x0000000088700000| Untracked 
| 108|0x0000000088800000, 0x0000000088800000, 0x0000000088900000|  0%| F|  |TAMS 0x0000000088800000, 0x0000000088800000| Untracked 
| 109|0x0000000088900000, 0x0000000088900000, 0x0000000088a00000|  0%| F|  |TAMS 0x0000000088900000, 0x0000000088900000| Untracked 
| 110|0x0000000088a00000, 0x0000000088a00000, 0x0000000088b00000|  0%| F|  |TAMS 0x0000000088a00000, 0x0000000088a00000| Untracked 
| 111|0x0000000088b00000, 0x0000000088b00000, 0x0000000088c00000|  0%| F|  |TAMS 0x0000000088b00000, 0x0000000088b00000| Untracked 
| 112|0x0000000088c00000, 0x0000000088c00000, 0x0000000088d00000|  0%| F|  |TAMS 0x0000000088c00000, 0x0000000088c00000| Untracked 
| 113|0x0000000088d00000, 0x0000000088d00000, 0x0000000088e00000|  0%| F|  |TAMS 0x0000000088d00000, 0x0000000088d00000| Untracked 
| 114|0x0000000088e00000, 0x0000000088e00000, 0x0000000088f00000|  0%| F|  |TAMS 0x0000000088e00000, 0x0000000088e00000| Untracked 
| 115|0x0000000088f00000, 0x0000000088f00000, 0x0000000089000000|  0%| F|  |TAMS 0x0000000088f00000, 0x0000000088f00000| Untracked 
| 116|0x0000000089000000, 0x0000000089000000, 0x0000000089100000|  0%| F|  |TAMS 0x0000000089000000, 0x0000000089000000| Untracked 
| 117|0x0000000089100000, 0x0000000089100000, 0x0000000089200000|  0%| F|  |TAMS 0x0000000089100000, 0x0000000089100000| Untracked 
| 118|0x0000000089200000, 0x0000000089200000, 0x0000000089300000|  0%| F|  |TAMS 0x0000000089200000, 0x0000000089200000| Untracked 
| 119|0x0000000089300000, 0x0000000089300000, 0x0000000089400000|  0%| F|  |TAMS 0x0000000089300000, 0x0000000089300000| Untracked 
| 120|0x0000000089400000, 0x0000000089400000, 0x0000000089500000|  0%| F|  |TAMS 0x0000000089400000, 0x0000000089400000| Untracked 
| 121|0x0000000089500000, 0x0000000089500000, 0x0000000089600000|  0%| F|  |TAMS 0x0000000089500000, 0x0000000089500000| Untracked 
| 122|0x0000000089600000, 0x0000000089600000, 0x0000000089700000|  0%| F|  |TAMS 0x0000000089600000, 0x0000000089600000| Untracked 
| 123|0x0000000089700000, 0x0000000089700000, 0x0000000089800000|  0%| F|  |TAMS 0x0000000089700000, 0x0000000089700000| Untracked 
| 124|0x0000000089800000, 0x0000000089800000, 0x0000000089900000|  0%| F|  |TAMS 0x0000000089800000, 0x0000000089800000| Untracked 
| 125|0x0000000089900000, 0x0000000089900000, 0x0000000089a00000|  0%| F|  |TAMS 0x0000000089900000, 0x0000000089900000| Untracked 
| 126|0x0000000089a00000, 0x0000000089a76448, 0x0000000089b00000| 46%| E|  |TAMS 0x0000000089a00000, 0x0000000089a00000| Complete 
| 127|0x0000000089b00000, 0x0000000089c00000, 0x0000000089c00000|100%| E|CS|TAMS 0x0000000089b00000, 0x0000000089b00000| Complete 

Card table byte_map: [0x00000280fa7b0000,0x00000280fabb0000] _byte_map_base: 0x00000280fa3a2000

Marking Bits (Prev, Next): (CMBitMap*) 0x00000280f80de700, (CMBitMap*) 0x00000280f80de740
 Prev Bits: [0x00000280fafb0000, 0x00000280fcf40000)
 Next Bits: [0x00000280fcf40000, 0x00000280feed0000)

Polling page: 0x00000280f8140000

Metaspace:

Usage:
  Non-class:      4.69 MB used.
      Class:    410.77 KB used.
       Both:      5.09 MB used.

Virtual space:
  Non-class space:       64.00 MB reserved,       4.75 MB (  7%) committed,  1 nodes.
      Class space:        1.00 GB reserved,     512.00 KB ( <1%) committed,  1 nodes.
             Both:        1.06 GB reserved,       5.25 MB ( <1%) committed. 

Chunk freelists:
   Non-Class:  3.00 MB
       Class:  3.56 MB
        Both:  6.56 MB

MaxMetaspaceSize: unlimited
CompressedClassSpaceSize: 1.00 GB
Initial GC threshold: 21.00 MB
Current GC threshold: 21.00 MB
CDS: off
MetaspaceReclaimPolicy: balanced
 - commit_granule_bytes: 65536.
 - commit_granule_words: 8192.
 - virtual_space_node_default_size: 8388608.
 - enlarge_chunks_in_place: 1.
 - new_chunks_are_fully_committed: 0.
 - uncommit_free_chunks: 1.
 - use_allocation_guard: 0.


Internal statistics:

num_allocs_failed_limit: 0.
num_arena_births: 6.
num_arena_deaths: 0.
num_vsnodes_births: 2.
num_vsnodes_deaths: 0.
num_space_committed: 84.
num_space_uncommitted: 0.
num_chunks_returned_to_freelist: 0.
num_chunks_taken_from_freelist: 10.
num_chunk_merges: 0.
num_chunk_splits: 5.
num_chunks_enlarged: 2.
num_inconsistent_stats: 0.

CodeHeap 'non-profiled nmethods': size=120000Kb used=28Kb max_used=28Kb free=119971Kb
 bounds [0x000002808f340000, 0x000002808f5b0000, 0x0000028096870000]
CodeHeap 'profiled nmethods': size=120000Kb used=106Kb max_used=106Kb free=119894Kb
 bounds [0x0000028087e10000, 0x0000028088080000, 0x000002808f340000]
CodeHeap 'non-nmethods': size=5760Kb used=1088Kb max_used=1102Kb free=4671Kb
 bounds [0x0000028087870000, 0x0000028087ae0000, 0x0000028087e10000]
 total_blobs=441 nmethods=95 adapters=259
 compilation: enabled
              stopped_count=0, restarted_count=0
 full_count=0

Compilation events (20 events):
Event: 0.261 Thread 0x000002809cc11ea0   86       3       java.util.concurrent.ConcurrentHashMap::get (162 bytes)
Event: 0.261 Thread 0x000002809cc11ea0 nmethod 86 0x0000028087e26c10 code [0x0000028087e26e60, 0x0000028087e27928]
Event: 0.261 Thread 0x000002809cc11ea0   85       1       java.lang.invoke.MethodHandle::type (5 bytes)
Event: 0.261 Thread 0x000002809cc11ea0 nmethod 85 0x000002808f346a90 code [0x000002808f346c20, 0x000002808f346cf8]
Event: 0.262 Thread 0x000002809cc11ea0   87       3       java.lang.invoke.MethodType::parameterType (7 bytes)
Event: 0.262 Thread 0x000002809cc11ea0 nmethod 87 0x0000028087e27c10 code [0x0000028087e27da0, 0x0000028087e27ed8]
Event: 0.262 Thread 0x000002809cc11ea0   88       3       java.lang.invoke.MethodType::checkSlotCount (33 bytes)
Event: 0.262 Thread 0x000002809cc11ea0 nmethod 88 0x0000028087e27f90 code [0x0000028087e281c0, 0x0000028087e28858]
Event: 0.262 Thread 0x000002809cc11ea0   91       3       jdk.internal.org.objectweb.asm.ByteVector::putShort (52 bytes)
Event: 0.262 Thread 0x000002809cc11ea0 nmethod 91 0x0000028087e28b10 code [0x0000028087e28cc0, 0x0000028087e28ec8]
Event: 0.262 Thread 0x000002809cc11ea0   90       3       java.lang.invoke.MethodType::parameterCount (6 bytes)
Event: 0.262 Thread 0x000002809cc11ea0 nmethod 90 0x0000028087e29010 code [0x0000028087e291a0, 0x0000028087e292b8]
Event: 0.262 Thread 0x000002809cc11ea0   93       3       jdk.internal.org.objectweb.asm.SymbolTable::hash (10 bytes)
Event: 0.262 Thread 0x000002809cc11ea0 nmethod 93 0x0000028087e29390 code [0x0000028087e29520, 0x0000028087e29648]
Event: 0.262 Thread 0x000002809cc11ea0   94       3       java.lang.String::indexOf (29 bytes)
Event: 0.263 Thread 0x000002809cc11ea0 nmethod 94 0x0000028087e29710 code [0x0000028087e298e0, 0x0000028087e29b78]
Event: 0.263 Thread 0x000002809cc11ea0   95       3       java.lang.StringLatin1::indexOf (36 bytes)
Event: 0.263 Thread 0x000002809cc11ea0 nmethod 95 0x0000028087e29c90 code [0x0000028087e29e60, 0x0000028087e2a298]
Event: 0.263 Thread 0x000002809cc11ea0   92       3       java.lang.invoke.MemberName::testAllFlags (7 bytes)
Event: 0.263 Thread 0x000002809cc11ea0 nmethod 92 0x0000028087e2a410 code [0x0000028087e2a5a0, 0x0000028087e2a778]

GC Heap History (0 events):
No events

Deoptimization events (0 events):
No events

Classes loaded (20 events):
Event: 0.259 Loading class java/util/stream/ReferencePipeline$3$1
Event: 0.259 Loading class java/util/stream/Sink$ChainedReference
Event: 0.259 Loading class java/util/stream/Sink$ChainedReference done
Event: 0.259 Loading class java/util/stream/ReferencePipeline$3$1 done
Event: 0.259 Loading class java/util/stream/ReferencePipeline$2$1
Event: 0.259 Loading class java/util/stream/ReferencePipeline$2$1 done
Event: 0.260 Loading class java/util/AbstractList$RandomAccessSpliterator
Event: 0.260 Loading class java/util/AbstractList$RandomAccessSpliterator done
Event: 0.261 Loading class java/util/stream/ReferencePipeline$7
Event: 0.261 Loading class java/util/stream/ReferencePipeline$7 done
Event: 0.261 Loading class java/util/stream/FindOps
Event: 0.261 Loading class java/util/stream/FindOps done
Event: 0.261 Loading class java/util/stream/FindOps$FindSink$OfRef
Event: 0.261 Loading class java/util/stream/FindOps$FindSink
Event: 0.261 Loading class java/util/stream/FindOps$FindSink done
Event: 0.261 Loading class java/util/stream/FindOps$FindSink$OfRef done
Event: 0.261 Loading class java/util/stream/FindOps$FindOp
Event: 0.261 Loading class java/util/stream/FindOps$FindOp done
Event: 0.263 Loading class java/util/stream/ReferencePipeline$7$1
Event: 0.263 Loading class java/util/stream/ReferencePipeline$7$1 done

Classes unloaded (0 events):
No events

Classes redefined (0 events):
No events

Internal exceptions (0 events):
No events

VM Operations (0 events):
No events

Events (13 events):
Event: 0.009 Loaded shared library C:\Program Files\Java\jdk-18.0.2\bin\java.dll
Event: 0.084 Loaded shared library C:\Program Files\Java\jdk-18.0.2\bin\jsvml.dll
Event: 0.084 Thread 0x00000280f8080c10 Thread added: 0x00000280f8080c10
Event: 0.092 Thread 0x00000280ff9a3410 Thread added: 0x00000280ff9a3410
Event: 0.092 Thread 0x00000280ff9a7dd0 Thread added: 0x00000280ff9a7dd0
Event: 0.123 Thread 0x00000280ff9dbc80 Thread added: 0x00000280ff9dbc80
Event: 0.123 Thread 0x00000280ff9dc620 Thread added: 0x00000280ff9dc620
Event: 0.123 Thread 0x00000280ff9dcfc0 Thread added: 0x00000280ff9dcfc0
Event: 0.123 Thread 0x00000280ff9ddd70 Thread added: 0x00000280ff9ddd70
Event: 0.123 Thread 0x000002809cc060a0 Thread added: 0x000002809cc060a0
Event: 0.124 Thread 0x000002809cc11ea0 Thread added: 0x000002809cc11ea0
Event: 0.124 Thread 0x000002809cc12880 Thread added: 0x000002809cc12880
Event: 0.251 Thread 0x000002809cdc4030 Thread added: 0x000002809cdc4030


Dynamic libraries:
0x00007ff661be0000 - 0x00007ff661bf0000 	C:\Program Files\Java\jdk-18.0.2\bin\java.exe
0x00007ffdc4c30000 - 0x00007ffdc4e44000 	C:\WINDOWS\SYSTEM32\ntdll.dll
0x00007ffdc4b10000 - 0x00007ffdc4bd2000 	C:\WINDOWS\System32\KERNEL32.DLL
0x00007ffdc2300000 - 0x00007ffdc26a3000 	C:\WINDOWS\System32\KERNELBASE.dll
0x00007ffdc20f0000 - 0x00007ffdc2201000 	C:\WINDOWS\System32\ucrtbase.dll
0x00007ffdbc8e0000 - 0x00007ffdbc8fa000 	C:\Program Files\Java\jdk-18.0.2\bin\VCRUNTIME140.dll
0x00007ffd8c860000 - 0x00007ffd8c878000 	C:\Program Files\Java\jdk-18.0.2\bin\jli.dll
0x00007ffdc4270000 - 0x00007ffdc431e000 	C:\WINDOWS\System32\ADVAPI32.dll
0x00007ffdc45e0000 - 0x00007ffdc4687000 	C:\WINDOWS\System32\msvcrt.dll
0x00007ffdc3de0000 - 0x00007ffdc3e84000 	C:\WINDOWS\System32\sechost.dll
0x00007ffdc3aa0000 - 0x00007ffdc3bb7000 	C:\WINDOWS\System32\RPCRT4.dll
0x00007ffdc38f0000 - 0x00007ffdc3a9b000 	C:\WINDOWS\System32\USER32.dll
0x00007ffdac820000 - 0x00007ffdacaae000 	C:\WINDOWS\WinSxS\amd64_microsoft.windows.common-controls_6595b64144ccf1df_6.0.22621.1635_none_270f70857386168e\COMCTL32.dll
0x00007ffdc2210000 - 0x00007ffdc2236000 	C:\WINDOWS\System32\win32u.dll
0x00007ffdc43b0000 - 0x00007ffdc43d9000 	C:\WINDOWS\System32\GDI32.dll
0x00007ffdc2890000 - 0x00007ffdc29a8000 	C:\WINDOWS\System32\gdi32full.dll
0x00007ffdc2050000 - 0x00007ffdc20ea000 	C:\WINDOWS\System32\msvcp_win.dll
0x00007ffdba150000 - 0x00007ffdba15a000 	C:\WINDOWS\SYSTEM32\VERSION.dll
0x00007ffdc4050000 - 0x00007ffdc4081000 	C:\WINDOWS\System32\IMM32.DLL
0x00007ffdbcdb0000 - 0x00007ffdbcdbc000 	C:\Program Files\Java\jdk-18.0.2\bin\vcruntime140_1.dll
0x00007ffd87050000 - 0x00007ffd870dd000 	C:\Program Files\Java\jdk-18.0.2\bin\msvcp140.dll
0x00007ffd3ff20000 - 0x00007ffd40b31000 	C:\Program Files\Java\jdk-18.0.2\bin\server\jvm.dll
0x00007ffdc4be0000 - 0x00007ffdc4be8000 	C:\WINDOWS\System32\PSAPI.DLL
0x00007ffdba250000 - 0x00007ffdba284000 	C:\WINDOWS\SYSTEM32\WINMM.dll
0x00007ffdbd110000 - 0x00007ffdbd119000 	C:\WINDOWS\SYSTEM32\WSOCK32.dll
0x00007ffdc4a90000 - 0x00007ffdc4b01000 	C:\WINDOWS\System32\WS2_32.dll
0x00007ffdc10a0000 - 0x00007ffdc10b8000 	C:\WINDOWS\SYSTEM32\kernel.appcore.dll
0x00007ffdbc750000 - 0x00007ffdbc75a000 	C:\Program Files\Java\jdk-18.0.2\bin\jimage.dll
0x00007ffdbf2f0000 - 0x00007ffdbf51e000 	C:\WINDOWS\SYSTEM32\DBGHELP.DLL
0x00007ffdc4700000 - 0x00007ffdc4a89000 	C:\WINDOWS\System32\combase.dll
0x00007ffdc43e0000 - 0x00007ffdc44b7000 	C:\WINDOWS\System32\OLEAUT32.dll
0x00007ffda7ad0000 - 0x00007ffda7b02000 	C:\WINDOWS\SYSTEM32\dbgcore.DLL
0x00007ffdc29b0000 - 0x00007ffdc2a2b000 	C:\WINDOWS\System32\bcryptPrimitives.dll
0x00007ffdaf780000 - 0x00007ffdaf7a5000 	C:\Program Files\Java\jdk-18.0.2\bin\java.dll
0x00007ffd809b0000 - 0x00007ffd80a86000 	C:\Program Files\Java\jdk-18.0.2\bin\jsvml.dll
0x00007ffdc2f10000 - 0x00007ffdc370a000 	C:\WINDOWS\System32\SHELL32.dll
0x00007ffdc0050000 - 0x00007ffdc091e000 	C:\WINDOWS\SYSTEM32\windows.storage.dll
0x00007ffdbff10000 - 0x00007ffdc004e000 	C:\WINDOWS\SYSTEM32\wintypes.dll
0x00007ffdc37f0000 - 0x00007ffdc38e1000 	C:\WINDOWS\System32\SHCORE.dll
0x00007ffdc2eb0000 - 0x00007ffdc2f0e000 	C:\WINDOWS\System32\shlwapi.dll
0x00007ffdc1f80000 - 0x00007ffdc1fa1000 	C:\WINDOWS\SYSTEM32\profapi.dll

dbghelp: loaded successfully - version: 4.0.5 - missing functions: none
symbol engine: initialized successfully - sym options: 0x614 - pdb path: .;C:\Program Files\Java\jdk-18.0.2\bin;C:\WINDOWS\SYSTEM32;C:\WINDOWS\WinSxS\amd64_microsoft.windows.common-controls_6595b64144ccf1df_6.0.22621.1635_none_270f70857386168e;C:\Program Files\Java\jdk-18.0.2\bin\server

VM Arguments:
jvm_args: -Dfile.encoding=UTF-8 --module-path=C:\Users\Lynniest\OneDrive - BRILLAR PTE LTD\Desktop\StickyNotes\build\classes 
java_command: stickynotes.stickynotes
java_class_path (initial): C:\Users\Lynniest\Downloads\mysql-connector-java-8.0.29.jar;C:\Users\Lynniest\Downloads\sql.jar;C:\Users\Lynniest\OneDrive - BRILLAR PTE LTD\Desktop\StickyNotes\build\classes
Launcher Type: SUN_STANDARD

[Global flags]
     intx CICompilerCount                          = 4                                         {product} {ergonomic}
     uint ConcGCThreads                            = 2                                         {product} {ergonomic}
     uint G1ConcRefinementThreads                  = 8                                         {product} {ergonomic}
   size_t G1HeapRegionSize                         = 1048576                                   {product} {ergonomic}
    uintx GCDrainStackTargetSize                   = 64                                        {product} {ergonomic}
   size_t InitialHeapSize                          = 134217728                                 {product} {ergonomic}
   size_t MarkStackSize                            = 4194304                                   {product} {ergonomic}
   size_t MaxHeapSize                              = 2118123520                                {product} {ergonomic}
   size_t MaxNewSize                               = 1270874112                                {product} {ergonomic}
   size_t MinHeapDeltaBytes                        = 1048576                                   {product} {ergonomic}
   size_t MinHeapSize                              = 8388608                                   {product} {ergonomic}
    uintx NonNMethodCodeHeapSize                   = 5839372                                {pd product} {ergonomic}
    uintx NonProfiledCodeHeapSize                  = 122909434                              {pd product} {ergonomic}
    uintx ProfiledCodeHeapSize                     = 122909434                              {pd product} {ergonomic}
    uintx ReservedCodeCacheSize                    = 251658240                              {pd product} {ergonomic}
     bool SegmentedCodeCache                       = true                                      {product} {ergonomic}
   size_t SoftMaxHeapSize                          = 2118123520                             {manageable} {ergonomic}
     bool UseCompressedClassPointers               = true                           {product lp64_product} {ergonomic}
     bool UseCompressedOops                        = true                           {product lp64_product} {ergonomic}
     bool UseG1GC                                  = true                                      {product} {ergonomic}
     bool UseLargePagesIndividualAllocation        = false                                  {pd product} {ergonomic}

Logging:
Log output configuration:
 #0: stdout all=warning uptime,level,tags foldmultilines=false
 #1: stderr all=off uptime,level,tags foldmultilines=false

Environment Variables:
PATH=D:\Tosca Testsuite\ToscaCommander;;D:\Tosca Testsuite\Classic;D:\Tosca Testsuite\Classic\dll;D:\Tosca Testsuite\Classic\dll\GuptaEngine;D:\Tosca Testsuite\ToscaCommander;D:\Tosca Testsuite\Classic\dll\DelphiEngine;D:\Tosca Testsuite\Classic\dll\PBEngine;D:\Tosca Testsuite\Classic\dll\VBEngine;D:\Tosca Testsuite\Classic\dll\DotNetHooking;;C:\Program Files\Common Files\Oracle\Java\javapath;C:\Python310\Scripts\;C:\Python310\;C:\WINDOWS\system32;C:\WINDOWS;C:\WINDOWS\System32\Wbem;C:\WINDOWS\System32\WindowsPowerShell\v1.0\;C:\WINDOWS\System32\OpenSSH\;C:\Program Files\Git\cmd;C:\sqlite3;D:\xampp\php;C:\ProgramData\ComposerSetup\bin;C:\Program Files\dotnet\;C:\Program Files (x86)\Microsoft SQL Server\160\Tools\Binn\;C:\Program Files\Microsoft SQL Server\160\Tools\Binn\;C:\Program Files\Microsoft SQL Server\Client SDK\ODBC\170\Tools\Binn\;C:\Program Files\Microsoft SQL Server\160\DTS\Binn\;C:\Program Files (x86)\Microsoft SQL Server\160\DTS\Binn\;C:\Program Files\Azure Data Studio\bin;C:\Users\Lynniest\AppData\Local\Microsoft\WindowsApps;C:\Users\Lynniest\AppData\Local\atom\bin;C:\Program Files\JetBrains\PyCharm Community Edition 2022.2\bin;;C:\Users\Lynniest\AppData\Local\Programs\Microsoft VS Code\bin;C:\Users\Lynniest\AppData\Roaming\Composer\vendor\bin;C:\Users\Lynniest\AppData\Local\Microsoft\WindowsApps;;C:\Program Files\Azure Data Studio\bin
USERNAME=Lynniest
OS=Windows_NT
PROCESSOR_IDENTIFIER=Intel64 Family 6 Model 158 Stepping 10, GenuineIntel



---------------  S Y S T E M  ---------------

OS:
 Windows 11 , 64 bit Build 22621 (10.0.22621.1635)
OS uptime: 0 days 20:22 hours

CPU: total 8 (initial active 8) (4 cores per cpu, 2 threads per core) family 6 model 158 stepping 10 microcode 0xea, cx8, cmov, fxsr, ht, mmx, 3dnowpref, sse, sse2, sse3, ssse3, sse4.1, sse4.2, popcnt, lzcnt, tsc, tscinvbit, avx, avx2, aes, erms, clmul, bmi1, bmi2, adx, fma, vzeroupper, clflush, clflushopt

Memory: 4k page, system-wide physical 8072M (664M free)
TotalPageFile size 24515M (AvailPageFile size 12M)
current process WorkingSet (physical memory assigned to process): 28M, peak: 28M
current process commit charge ("private bytes"): 203M, peak: 205M

vm_info: Java HotSpot(TM) 64-Bit Server VM (18.0.2+9-61) for windows-amd64 JRE (18.0.2+9-61), built on Jun  7 2022 13:09:01 by "mach5one" with MS VC++ 16.8 / 16.9 (VS2019)

END.
