#
# There is insufficient memory for the Java Runtime Environment to continue.
# Native memory allocation (mmap) failed to map 134217728 bytes for G1 virtual space
# Possible reasons:
#   The system is out of physical RAM or swap space
#   The process is running with CompressedOops enabled, and the Java Heap may be blocking the growth of the native heap
# Possible solutions:
#   Reduce memory load on the system
#   Increase physical memory or swap space
#   Check if swap backing store is full
#   Decrease Java heap size (-Xmx/-Xms)
#   Decrease number of Java threads
#   Decrease Java thread stack sizes (-Xss)
#   Set larger code cache with -XX:ReservedCodeCacheSize=
#   JVM is running with Unscaled Compressed Oops mode in which the Java heap is
#     placed in the first 4GB address space. The Java Heap base address is the
#     maximum limit for the native heap growth. Please use -XX:HeapBaseMinAddress
#     to set the Java Heap base and to place the Java Heap above 4GB virtual address.
# This output file may be truncated or incomplete.
#
#  Out of Memory Error (os_windows.cpp:3530), pid=26512, tid=25512
#
# JRE version:  (18.0.2+9) (build )
# Java VM: Java HotSpot(TM) 64-Bit Server VM (18.0.2+9-61, mixed mode, sharing, tiered, compressed oops, compressed class ptrs, g1 gc, windows-amd64)
# No core dump will be written. Minidumps are not enabled by default on client versions of Windows
#

---------------  S U M M A R Y ------------

Command Line: -Dfile.encoding=UTF-8 --module-path=C:\Users\Lynniest\OneDrive - BRILLAR PTE LTD\Desktop\StickyNotes\build\classes stickynotes.stickynotes

Host: Intel(R) Core(TM) i5-9300H CPU @ 2.40GHz, 8 cores, 7G,  Windows 11 , 64 bit Build 22621 (10.0.22621.1635)
Time: Thu May 25 16:58:57 2023 Malay Peninsula Standard Time elapsed time: 0.021408 seconds (0d 0h 0m 0s)

---------------  T H R E A D  ---------------

Current thread (0x0000027c72d9eee0):  JavaThread "Unknown thread" [_thread_in_vm, id=25512, stack(0x000000f8f0200000,0x000000f8f0300000)]

Stack: [0x000000f8f0200000,0x000000f8f0300000]
Native frames: (J=compiled Java code, j=interpreted, Vv=VM code, C=native code)
V  [jvm.dll+0x6993ca]
V  [jvm.dll+0x7f481d]
V  [jvm.dll+0x7f612e]
V  [jvm.dll+0x7f67e3]
V  [jvm.dll+0x25cdaf]
V  [jvm.dll+0x696319]
V  [jvm.dll+0x68ae4a]
V  [jvm.dll+0x3223eb]
V  [jvm.dll+0x329dc6]
V  [jvm.dll+0x37eade]
V  [jvm.dll+0x37ed0f]
V  [jvm.dll+0x2fa16a]
V  [jvm.dll+0x2fb1cd]
V  [jvm.dll+0x7c3450]
V  [jvm.dll+0x38be61]
V  [jvm.dll+0x7a2073]
V  [jvm.dll+0x40dc3f]
V  [jvm.dll+0x40f611]
C  [jli.dll+0x526b]
C  [ucrtbase.dll+0x29363]
C  [KERNEL32.DLL+0x126ad]
C  [ntdll.dll+0x5a9f8]


---------------  P R O C E S S  ---------------

Threads class SMR info:
_java_thread_list=0x00007ffd409fe550, length=0, elements={
}

Java Threads: ( => current thread )

Other Threads:
  0x0000027c72dfd180 WorkerThread "GC Thread#0" [stack: 0x000000f8f0300000,0x000000f8f0400000] [id=25404]
  0x0000027c72e0feb0 ConcurrentGCThread "G1 Main Marker" [stack: 0x000000f8f0400000,0x000000f8f0500000] [id=23060]
  0x0000027c72e11040 WorkerThread "G1 Conc#0" [stack: 0x000000f8f0500000,0x000000f8f0600000] [id=20932]

[error occurred during error reporting (printing all threads), id 0xc0000005, EXCEPTION_ACCESS_VIOLATION (0xc0000005) at pc=0x00007ffd4022a707]

VM state: not at safepoint (not fully initialized)

VM Mutex/Monitor currently owned by a thread:  ([mutex/lock_event])
[0x0000027c72d99d00] Heap_lock - owner thread: 0x0000027c72d9eee0

Heap address: 0x0000000081c00000, size: 2020 MB, Compressed Oops mode: 32-bit

CDS archive(s) mapped at: [0x0000000000000000-0x0000000000000000-0x0000000000000000), size 0, SharedBaseAddress: 0x0000000800000000, ArchiveRelocationMode: 0.
Narrow klass base: 0x0000000000000000, Narrow klass shift: 0, Narrow klass range: 0x0

GC Precious Log:
 CardTable entry size: 512
 Card Set container configuration: InlinePtr #cards 5 size 8 Array Of Cards #cards 12 size 40 Howl #buckets 4 coarsen threshold 1843 Howl Bitmap #cards 512 size 80 coarsen threshold 460 Card regions per heap region 1 cards per card region 2048

Heap:
 garbage-first heap   total 0K, used 0K [0x0000000081c00000, 0x0000000100000000)
  region size 1024K, 0 young (0K), 0 survivors (0K)

[error occurred during error reporting (printing heap information), id 0xc0000005, EXCEPTION_ACCESS_VIOLATION (0xc0000005) at pc=0x00007ffd40611859]

GC Heap History (0 events):
No events

Deoptimization events (0 events):
No events

Classes loaded (0 events):
No events

Classes unloaded (0 events):
No events

Classes redefined (0 events):
No events

Internal exceptions (0 events):
No events

VM Operations (0 events):
No events

Events (1 events):
Event: 0.015 Loaded shared library C:\Program Files\Java\jdk-18.0.2\bin\java.dll


Dynamic libraries:
0x00007ff661be0000 - 0x00007ff661bf0000 	C:\Program Files\Java\jdk-18.0.2\bin\java.exe
0x00007ffdc4c30000 - 0x00007ffdc4e44000 	C:\WINDOWS\SYSTEM32\ntdll.dll
0x00007ffdc4b10000 - 0x00007ffdc4bd2000 	C:\WINDOWS\System32\KERNEL32.DLL
0x00007ffdc2300000 - 0x00007ffdc26a3000 	C:\WINDOWS\System32\KERNELBASE.dll
0x00007ffdc20f0000 - 0x00007ffdc2201000 	C:\WINDOWS\System32\ucrtbase.dll
0x00007ffd8c860000 - 0x00007ffd8c878000 	C:\Program Files\Java\jdk-18.0.2\bin\jli.dll
0x00007ffdbc8e0000 - 0x00007ffdbc8fa000 	C:\Program Files\Java\jdk-18.0.2\bin\VCRUNTIME140.dll
0x00007ffdc4270000 - 0x00007ffdc431e000 	C:\WINDOWS\System32\ADVAPI32.dll
0x00007ffdc45e0000 - 0x00007ffdc4687000 	C:\WINDOWS\System32\msvcrt.dll
0x00007ffdc3de0000 - 0x00007ffdc3e84000 	C:\WINDOWS\System32\sechost.dll
0x00007ffdc3aa0000 - 0x00007ffdc3bb7000 	C:\WINDOWS\System32\RPCRT4.dll
0x00007ffdc38f0000 - 0x00007ffdc3a9b000 	C:\WINDOWS\System32\USER32.dll
0x00007ffdac820000 - 0x00007ffdacaae000 	C:\WINDOWS\WinSxS\amd64_microsoft.windows.common-controls_6595b64144ccf1df_6.0.22621.1635_none_270f70857386168e\COMCTL32.dll
0x00007ffdc2210000 - 0x00007ffdc2236000 	C:\WINDOWS\System32\win32u.dll
0x00007ffdc43b0000 - 0x00007ffdc43d9000 	C:\WINDOWS\System32\GDI32.dll
0x00007ffdc2890000 - 0x00007ffdc29a8000 	C:\WINDOWS\System32\gdi32full.dll
0x00007ffdc2050000 - 0x00007ffdc20ea000 	C:\WINDOWS\System32\msvcp_win.dll
0x00007ffdba150000 - 0x00007ffdba15a000 	C:\WINDOWS\SYSTEM32\VERSION.dll
0x00007ffdc4050000 - 0x00007ffdc4081000 	C:\WINDOWS\System32\IMM32.DLL
0x00007ffdbcdb0000 - 0x00007ffdbcdbc000 	C:\Program Files\Java\jdk-18.0.2\bin\vcruntime140_1.dll
0x00007ffd87050000 - 0x00007ffd870dd000 	C:\Program Files\Java\jdk-18.0.2\bin\msvcp140.dll
0x00007ffd3ff20000 - 0x00007ffd40b31000 	C:\Program Files\Java\jdk-18.0.2\bin\server\jvm.dll
0x00007ffdc4be0000 - 0x00007ffdc4be8000 	C:\WINDOWS\System32\PSAPI.DLL
0x00007ffdbd110000 - 0x00007ffdbd119000 	C:\WINDOWS\SYSTEM32\WSOCK32.dll
0x00007ffdba250000 - 0x00007ffdba284000 	C:\WINDOWS\SYSTEM32\WINMM.dll
0x00007ffdc4a90000 - 0x00007ffdc4b01000 	C:\WINDOWS\System32\WS2_32.dll
0x00007ffdc10a0000 - 0x00007ffdc10b8000 	C:\WINDOWS\SYSTEM32\kernel.appcore.dll
0x00007ffdbc750000 - 0x00007ffdbc75a000 	C:\Program Files\Java\jdk-18.0.2\bin\jimage.dll
0x00007ffdbf2f0000 - 0x00007ffdbf51e000 	C:\WINDOWS\SYSTEM32\DBGHELP.DLL
0x00007ffdc4700000 - 0x00007ffdc4a89000 	C:\WINDOWS\System32\combase.dll
0x00007ffdc43e0000 - 0x00007ffdc44b7000 	C:\WINDOWS\System32\OLEAUT32.dll
0x00007ffda7ad0000 - 0x00007ffda7b02000 	C:\WINDOWS\SYSTEM32\dbgcore.DLL
0x00007ffdc29b0000 - 0x00007ffdc2a2b000 	C:\WINDOWS\System32\bcryptPrimitives.dll
0x00007ffdaf780000 - 0x00007ffdaf7a5000 	C:\Program Files\Java\jdk-18.0.2\bin\java.dll

dbghelp: loaded successfully - version: 4.0.5 - missing functions: none
symbol engine: initialized successfully - sym options: 0x614 - pdb path: .;C:\Program Files\Java\jdk-18.0.2\bin;C:\WINDOWS\SYSTEM32;C:\WINDOWS\WinSxS\amd64_microsoft.windows.common-controls_6595b64144ccf1df_6.0.22621.1635_none_270f70857386168e;C:\Program Files\Java\jdk-18.0.2\bin\server

VM Arguments:
jvm_args: -Dfile.encoding=UTF-8 --module-path=C:\Users\Lynniest\OneDrive - BRILLAR PTE LTD\Desktop\StickyNotes\build\classes 
java_command: stickynotes.stickynotes
java_class_path (initial): C:\Users\Lynniest\Downloads\mysql-connector-java-8.0.29.jar;C:\Users\Lynniest\Downloads\sql.jar;C:\Users\Lynniest\OneDrive - BRILLAR PTE LTD\Desktop\StickyNotes\build\classes
Launcher Type: SUN_STANDARD

[Global flags]
     intx CICompilerCount                          = 4                                         {product} {ergonomic}
     uint ConcGCThreads                            = 2                                         {product} {ergonomic}
     uint G1ConcRefinementThreads                  = 8                                         {product} {ergonomic}
   size_t G1HeapRegionSize                         = 1048576                                   {product} {ergonomic}
    uintx GCDrainStackTargetSize                   = 64                                        {product} {ergonomic}
   size_t InitialHeapSize                          = 134217728                                 {product} {ergonomic}
   size_t MarkStackSize                            = 4194304                                   {product} {ergonomic}
   size_t MaxHeapSize                              = 2118123520                                {product} {ergonomic}
   size_t MinHeapDeltaBytes                        = 1048576                                   {product} {ergonomic}
   size_t MinHeapSize                              = 8388608                                   {product} {ergonomic}
    uintx NonNMethodCodeHeapSize                   = 5839372                                {pd product} {ergonomic}
    uintx NonProfiledCodeHeapSize                  = 122909434                              {pd product} {ergonomic}
    uintx ProfiledCodeHeapSize                     = 122909434                              {pd product} {ergonomic}
    uintx ReservedCodeCacheSize                    = 251658240                              {pd product} {ergonomic}
     bool SegmentedCodeCache                       = true                                      {product} {ergonomic}
   size_t SoftMaxHeapSize                          = 2118123520                             {manageable} {ergonomic}
     bool UseCompressedClassPointers               = true                           {product lp64_product} {ergonomic}
     bool UseCompressedOops                        = true                           {product lp64_product} {ergonomic}
     bool UseG1GC                                  = true                                      {product} {ergonomic}
     bool UseLargePagesIndividualAllocation        = false                                  {pd product} {ergonomic}

Logging:
Log output configuration:
 #0: stdout all=warning uptime,level,tags foldmultilines=false
 #1: stderr all=off uptime,level,tags foldmultilines=false

Environment Variables:
PATH=D:\Tosca Testsuite\ToscaCommander;;D:\Tosca Testsuite\Classic;D:\Tosca Testsuite\Classic\dll;D:\Tosca Testsuite\Classic\dll\GuptaEngine;D:\Tosca Testsuite\ToscaCommander;D:\Tosca Testsuite\Classic\dll\DelphiEngine;D:\Tosca Testsuite\Classic\dll\PBEngine;D:\Tosca Testsuite\Classic\dll\VBEngine;D:\Tosca Testsuite\Classic\dll\DotNetHooking;;C:\Program Files\Common Files\Oracle\Java\javapath;C:\Python310\Scripts\;C:\Python310\;C:\WINDOWS\system32;C:\WINDOWS;C:\WINDOWS\System32\Wbem;C:\WINDOWS\System32\WindowsPowerShell\v1.0\;C:\WINDOWS\System32\OpenSSH\;C:\Program Files\Git\cmd;C:\sqlite3;D:\xampp\php;C:\ProgramData\ComposerSetup\bin;C:\Program Files\dotnet\;C:\Program Files (x86)\Microsoft SQL Server\160\Tools\Binn\;C:\Program Files\Microsoft SQL Server\160\Tools\Binn\;C:\Program Files\Microsoft SQL Server\Client SDK\ODBC\170\Tools\Binn\;C:\Program Files\Microsoft SQL Server\160\DTS\Binn\;C:\Program Files (x86)\Microsoft SQL Server\160\DTS\Binn\;C:\Program Files\Azure Data Studio\bin;C:\Users\Lynniest\AppData\Local\Microsoft\WindowsApps;C:\Users\Lynniest\AppData\Local\atom\bin;C:\Program Files\JetBrains\PyCharm Community Edition 2022.2\bin;;C:\Users\Lynniest\AppData\Local\Programs\Microsoft VS Code\bin;C:\Users\Lynniest\AppData\Roaming\Composer\vendor\bin;C:\Users\Lynniest\AppData\Local\Microsoft\WindowsApps;;C:\Program Files\Azure Data Studio\bin
USERNAME=Lynniest
OS=Windows_NT
PROCESSOR_IDENTIFIER=Intel64 Family 6 Model 158 Stepping 10, GenuineIntel



---------------  S Y S T E M  ---------------

OS:
 Windows 11 , 64 bit Build 22621 (10.0.22621.1635)
OS uptime: 0 days 20:22 hours

CPU: total 8 (initial active 8) (4 cores per cpu, 2 threads per core) family 6 model 158 stepping 10 microcode 0xea, cx8, cmov, fxsr, ht, mmx, 3dnowpref, sse, sse2, sse3, ssse3, sse4.1, sse4.2, popcnt, lzcnt, tsc, tscinvbit, avx, avx2, aes, erms, clmul, bmi1, bmi2, adx, fma, vzeroupper, clflush, clflushopt

Memory: 4k page, system-wide physical 8072M (655M free)
TotalPageFile size 24515M (AvailPageFile size 68M)
current process WorkingSet (physical memory assigned to process): 11M, peak: 11M
current process commit charge ("private bytes"): 60M, peak: 188M

vm_info: Java HotSpot(TM) 64-Bit Server VM (18.0.2+9-61) for windows-amd64 JRE (18.0.2+9-61), built on Jun  7 2022 13:09:01 by "mach5one" with MS VC++ 16.8 / 16.9 (VS2019)

END.
